2022-02-14T07:09:56.503Z - [INFO   ] - server is up on port3002
2022-02-14T07:16:00.387Z - [INFO   ] - server is up on port3002
2022-02-14T07:16:22.667Z - [WARN   ] - password should be between 6 to 12 characters long
2022-02-14T07:17:57.010Z - [INFO   ] - server is up on port3002
2022-02-14T07:17:58.486Z - [ERROR  ] - user not found
2022-02-14T07:17:58.486Z - [ERROR  ] - Please authenticate
2022-02-14T07:26:44.740Z - [INFO   ] - server is up on port3002
2022-02-14T07:26:46.727Z - [ERROR  ] - user not found
2022-02-14T07:26:46.729Z - [ERROR  ] - Please authenticate
2022-02-14T08:46:32.159Z - [ERROR  ] - TypeError: Cannot read properties of null (reading 'generatAuthToken')
2022-02-14T08:46:45.766Z - [INFO   ] - server is up on port3002
2022-02-14T08:46:58.391Z - [ERROR  ] - TypeError: Cannot read properties of null (reading 'generatAuthToken')
2022-02-14T12:03:46.379Z - [ERROR  ] - TypeError: Cannot read properties of null (reading 'generatAuthToken')
2022-02-15T05:22:15.306Z - [INFO   ] - server is up on port3002
2022-02-15T05:31:31.242Z - [INFO   ] - server is up on port3002
2022-02-15T05:47:18.885Z - [INFO   ] - server is up on port3002
2022-02-15T05:57:42.309Z - [INFO   ] - server is up on port3002
2022-02-15T05:57:49.323Z - [ERROR  ] - TypeError: Cannot read properties of null (reading 'generatAuthToken')
2022-02-15T06:38:26.550Z - [INFO   ] - server is up on port3002
2022-02-15T06:50:01.354Z - [INFO   ] - server is up on port3002
2022-02-15T06:56:21.578Z - [INFO   ] - server is up on port3002
2022-02-15T06:59:32.032Z - [INFO   ] - server is up on port3002
2022-02-15T07:16:04.191Z - [INFO   ] - server is up on port3002
2022-02-15T07:16:23.064Z - [INFO   ] - server is up on port3002
2022-02-15T07:16:37.506Z - [INFO   ] - server is up on port3002
2022-02-15T07:16:46.259Z - [INFO   ] - server is up on port3002
2022-02-15T07:16:57.280Z - [INFO   ] - server is up on port3002
2022-02-15T07:23:36.947Z - [INFO   ] - server is up on port3002
2022-02-15T07:26:31.579Z - [INFO   ] - server is up on port3002
2022-02-15T07:27:43.202Z - [INFO   ] - server is up on port3002
2022-02-15T07:28:53.111Z - [INFO   ] - server is up on port3002
2022-02-15T08:33:46.859Z - [INFO   ] - server is up on port3002
2022-02-15T08:38:43.782Z - [INFO   ] - server is up on port3002
2022-02-15T08:39:03.871Z - [INFO   ] - server is up on port3002
2022-02-15T08:45:21.889Z - [INFO   ] - server is up on port3002
2022-02-15T08:45:23.558Z - [INFO   ] - server is up on port3002
2022-02-15T08:46:14.768Z - [INFO   ] - server is up on port3002
2022-02-15T08:51:01.899Z - [INFO   ] - server is up on port3002
2022-02-15T09:03:47.500Z - [INFO   ] - server is up on port3002
2022-02-15T09:13:09.242Z - [INFO   ] - server is up on port3002
2022-02-15T09:23:23.650Z - [INFO   ] - server is up on port3002
2022-02-15T09:24:13.690Z - [INFO   ] - server is up on port3002
2022-02-15T09:28:42.450Z - [INFO   ] - server is up on port3002
2022-02-15T09:29:12.683Z - [INFO   ] - server is up on port3002
2022-02-15T09:30:10.390Z - [INFO   ] - server is up on port3002
2022-02-15T09:31:57.194Z - [INFO   ] - server is up on port3002
2022-02-15T09:35:56.443Z - [INFO   ] - server is up on port3002
2022-02-15T09:36:58.359Z - [INFO   ] - server is up on port3002
2022-02-15T09:38:18.684Z - [INFO   ] - server is up on port3002
2022-02-15T09:40:09.963Z - [INFO   ] - server is up on port3002
2022-02-15T09:40:21.315Z - [INFO   ] - server is up on port3002
2022-02-15T09:42:34.150Z - [INFO   ] - server is up on port3002
2022-02-15T09:42:45.766Z - [INFO   ] - server is up on port3002
2022-02-15T09:43:57.724Z - [INFO   ] - server is up on port3002
2022-02-15T09:44:41.515Z - [INFO   ] - server is up on port3002
2022-02-15T09:46:21.022Z - [INFO   ] - server is up on port3002
2022-02-15T09:48:04.538Z - [INFO   ] - server is up on port3002
2022-02-15T09:48:33.205Z - [INFO   ] - server is up on port3002
2022-02-15T09:49:19.640Z - [INFO   ] - server is up on port3002
2022-02-15T09:49:30.258Z - [INFO   ] - server is up on port3002
2022-02-15T09:49:31.882Z - [INFO   ] - server is up on port3002
2022-02-15T09:51:14.016Z - [INFO   ] - server is up on port3002
2022-02-15T09:51:38.331Z - [INFO   ] - server is up on port3002
2022-02-15T10:04:34.016Z - [INFO   ] - server is up on port3002
2022-02-15T10:05:34.285Z - [INFO   ] - server is up on port3002
2022-02-15T10:07:46.002Z - [INFO   ] - server is up on port3002
2022-02-15T10:10:50.239Z - [INFO   ] - server is up on port3002
2022-02-15T10:10:57.790Z - [INFO   ] - server is up on port3002
2022-02-15T10:11:39.843Z - [INFO   ] - server is up on port3002
2022-02-15T10:11:52.049Z - [INFO   ] - server is up on port3002
2022-02-15T10:14:38.725Z - [INFO   ] - server is up on port3002
2022-02-15T10:15:05.725Z - [INFO   ] - server is up on port3002
2022-02-15T10:15:35.241Z - [INFO   ] - server is up on port3002
2022-02-15T10:17:33.474Z - [INFO   ] - server is up on port3002
2022-02-15T10:18:39.904Z - [INFO   ] - server is up on port3002
2022-02-15T10:20:35.046Z - [INFO   ] - server is up on port3002
2022-02-15T10:20:40.640Z - [INFO   ] - server is up on port3002
2022-02-15T10:22:04.327Z - [INFO   ] - server is up on port3002
2022-02-15T10:56:55.161Z - [INFO   ] - server is up on port3002
2022-02-15T11:15:14.396Z - [INFO   ] - server is up on port3002
2022-02-15T11:15:21.447Z - [INFO   ] - server is up on port3002
2022-02-15T11:18:09.257Z - [INFO   ] - server is up on port3002
2022-02-15T11:18:30.501Z - [INFO   ] - server is up on port3002
2022-02-15T11:18:54.525Z - [INFO   ] - server is up on port3002
2022-02-15T11:20:08.867Z - [INFO   ] - server is up on port3002
2022-02-15T11:20:47.576Z - [INFO   ] - server is up on port3002
2022-02-15T11:21:18.449Z - [INFO   ] - server is up on port3002
2022-02-15T11:21:47.922Z - [INFO   ] - server is up on port3002
2022-02-15T11:26:09.253Z - [INFO   ] - server is up on port3002
2022-02-15T11:26:53.706Z - [INFO   ] - server is up on port3002
2022-02-15T11:28:26.821Z - [INFO   ] - server is up on port3002
2022-02-15T11:28:54.767Z - [INFO   ] - server is up on port3002
2022-02-15T11:29:01.558Z - [INFO   ] - server is up on port3002
2022-02-15T11:34:59.189Z - [INFO   ] - server is up on port3002
2022-02-15T11:36:36.383Z - [INFO   ] - server is up on port3002
2022-02-15T11:36:55.603Z - [INFO   ] - server is up on port3002
2022-02-15T11:37:42.200Z - [INFO   ] - server is up on port3002
2022-02-15T11:38:15.235Z - [INFO   ] - server is up on port3002
2022-02-15T11:38:35.182Z - [INFO   ] - server is up on port3002
2022-02-15T11:39:05.835Z - [INFO   ] - server is up on port3002
2022-02-15T11:47:15.511Z - [INFO   ] - server is up on port3002
2022-02-15T11:50:43.169Z - [INFO   ] - server is up on port3002
2022-02-15T11:50:47.474Z - [INFO   ] - server is up on port3002
2022-02-15T11:58:50.283Z - [INFO   ] - server is up on port3002
2022-02-15T12:02:00.466Z - [INFO   ] - server is up on port3002
2022-02-15T12:04:43.802Z - [INFO   ] - server is up on port3002
2022-02-15T12:05:03.384Z - [INFO   ] - server is up on port3002
2022-02-15T12:07:09.451Z - [INFO   ] - server is up on port3002
2022-02-15T12:11:49.460Z - [INFO   ] - server is up on port3002
2022-02-15T12:12:41.777Z - [INFO   ] - server is up on port3002
2022-02-15T12:14:00.159Z - [INFO   ] - server is up on port3002
2022-02-15T12:15:53.265Z - [INFO   ] - server is up on port3002
2022-02-15T12:16:15.661Z - [INFO   ] - server is up on port3002
2022-02-15T12:20:24.351Z - [INFO   ] - server is up on port3002
2022-02-15T12:24:46.294Z - [INFO   ] - server is up on port3002
2022-02-15T12:27:39.783Z - [INFO   ] - server is up on port3002
